# JRE version: Java(TM) SE Runtime Environment (8.0_25-b18) (build 1.8.0_25-b18)
# Java VM: Java HotSpot(TM) 64-Bit Server VM (25.25-b02 mixed mode windows-amd64 compressed oops)
Heap:
 PSYoungGen      total 130560K, used 20596K [0x00000000eab00000, 0x00000000f6e80000, 0x0000000100000000)
  eden space 124928K, 12% used [0x00000000eab00000,0x00000000eb9c3150,0x00000000f2500000)
  from space 5632K, 97% used [0x00000000f6900000,0x00000000f6e59f78,0x00000000f6e80000)
  to   space 22528K, 0% used [0x00000000f4280000,0x00000000f4280000,0x00000000f5880000)
 ParOldGen       total 122880K, used 44406K [0x00000000c0000000, 0x00000000c7800000, 0x00000000eab00000)
  object space 122880K, 36% used [0x00000000c0000000,0x00000000c2b5db28,0x00000000c7800000)
 Metaspace       used 58401K, capacity 60686K, committed 60928K, reserved 1101824K
  class space    used 7986K, capacity 8444K, committed 8448K, reserved 1048576K
GC Heap History (10 events):
Event: 43.302 GC heap before
{Heap before GC invocations=17 (full 2):
 PSYoungGen      total 107008K, used 106978K [0x00000000eab00000, 0x00000000f2600000, 0x0000000100000000)
  eden space 94720K, 100% used [0x00000000eab00000,0x00000000f0780000,0x00000000f0780000)
  from space 12288K, 99% used [0x00000000f1580000,0x00000000f2178a98,0x00000000f2180000)
  to   space 14336K, 0% used [0x00000000f0780000,0x00000000f0780000,0x00000000f1580000)
 ParOldGen       total 122880K, used 18765K [0x00000000c0000000, 0x00000000c7800000, 0x00000000eab00000)
  object space 122880K, 15% used [0x00000000c0000000,0x00000000c1253790,0x00000000c7800000)
 Metaspace       used 52999K, capacity 54478K, committed 54784K, reserved 1095680K
  class space    used 7280K, capacity 7588K, committed 7680K, reserved 1048576K
Event: 43.336 GC heap after
Heap after GC invocations=17 (full 2):
 PSYoungGen      total 109056K, used 14319K [0x00000000eab00000, 0x00000000f5200000, 0x0000000100000000)
  eden space 94720K, 0% used [0x00000000eab00000,0x00000000eab00000,0x00000000f0780000)
  from space 14336K, 99% used [0x00000000f0780000,0x00000000f157be08,0x00000000f1580000)
  to   space 19968K, 0% used [0x00000000f3e80000,0x00000000f3e80000,0x00000000f5200000)
 ParOldGen       total 122880K, used 29341K [0x00000000c0000000, 0x00000000c7800000, 0x00000000eab00000)
  object space 122880K, 23% used [0x00000000c0000000,0x00000000c1ca7560,0x00000000c7800000)
 Metaspace       used 52999K, capacity 54478K, committed 54784K, reserved 1095680K
  class space    used 7280K, capacity 7588K, committed 7680K, reserved 1048576K
}
Event: 44.086 GC heap before
{Heap before GC invocations=18 (full 2):
 PSYoungGen      total 109056K, used 71194K [0x00000000eab00000, 0x00000000f5200000, 0x0000000100000000)
  eden space 94720K, 60% used [0x00000000eab00000,0x00000000ee28aba0,0x00000000f0780000)
  from space 14336K, 99% used [0x00000000f0780000,0x00000000f157be08,0x00000000f1580000)
  to   space 19968K, 0% used [0x00000000f3e80000,0x00000000f3e80000,0x00000000f5200000)
 ParOldGen       total 122880K, used 29341K [0x00000000c0000000, 0x00000000c7800000, 0x00000000eab00000)
  object space 122880K, 23% used [0x00000000c0000000,0x00000000c1ca7560,0x00000000c7800000)
 Metaspace       used 54492K, capacity 56378K, committed 56704K, reserved 1097728K
  class space    used 7546K, capacity 7952K, committed 8064K, reserved 1048576K
Event: 44.134 GC heap after
Heap after GC invocations=18 (full 2):
 PSYoungGen      total 147968K, used 19965K [0x00000000eab00000, 0x00000000f5800000, 0x0000000100000000)
  eden space 128000K, 0% used [0x00000000eab00000,0x00000000eab00000,0x00000000f2800000)
  from space 19968K, 99% used [0x00000000f3e80000,0x00000000f51ff598,0x00000000f5200000)
  to   space 23040K, 0% used [0x00000000f2800000,0x00000000f2800000,0x00000000f3e80000)
 ParOldGen       total 122880K, used 30200K [0x00000000c0000000, 0x00000000c7800000, 0x00000000eab00000)
  object space 122880K, 24% used [0x00000000c0000000,0x00000000c1d7e2f0,0x00000000c7800000)
 Metaspace       used 54492K, capacity 56378K, committed 56704K, reserved 1097728K
  class space    used 7546K, capacity 7952K, committed 8064K, reserved 1048576K
}
Event: 44.134 GC heap before
{Heap before GC invocations=19 (full 3):
 PSYoungGen      total 147968K, used 19965K [0x00000000eab00000, 0x00000000f5800000, 0x0000000100000000)
  eden space 128000K, 0% used [0x00000000eab00000,0x00000000eab00000,0x00000000f2800000)
  from space 19968K, 99% used [0x00000000f3e80000,0x00000000f51ff598,0x00000000f5200000)
  to   space 23040K, 0% used [0x00000000f2800000,0x00000000f2800000,0x00000000f3e80000)
 ParOldGen       total 122880K, used 30200K [0x00000000c0000000, 0x00000000c7800000, 0x00000000eab00000)
  object space 122880K, 24% used [0x00000000c0000000,0x00000000c1d7e2f0,0x00000000c7800000)
 Metaspace       used 54492K, capacity 56378K, committed 56704K, reserved 1097728K
  class space    used 7546K, capacity 7952K, committed 8064K, reserved 1048576K
Event: 44.680 GC heap after
Heap after GC invocations=19 (full 3):
 PSYoungGen      total 147968K, used 0K [0x00000000eab00000, 0x00000000f5800000, 0x0000000100000000)
  eden space 128000K, 0% used [0x00000000eab00000,0x00000000eab00000,0x00000000f2800000)
  from space 19968K, 0% used [0x00000000f3e80000,0x00000000f3e80000,0x00000000f5200000)
  to   space 23040K, 0% used [0x00000000f2800000,0x00000000f2800000,0x00000000f3e80000)
 ParOldGen       total 122880K, used 44390K [0x00000000c0000000, 0x00000000c7800000, 0x00000000eab00000)
  object space 122880K, 36% used [0x00000000c0000000,0x00000000c2b59b28,0x00000000c7800000)
 Metaspace       used 54492K, capacity 56378K, committed 56704K, reserved 1097728K
  class space    used 7546K, capacity 7952K, committed 8064K, reserved 1048576K
}
Event: 58.976 GC heap before
{Heap before GC invocations=20 (full 3):
 PSYoungGen      total 147968K, used 128000K [0x00000000eab00000, 0x00000000f5800000, 0x0000000100000000)
  eden space 128000K, 100% used [0x00000000eab00000,0x00000000f2800000,0x00000000f2800000)
  from space 19968K, 0% used [0x00000000f3e80000,0x00000000f3e80000,0x00000000f5200000)
  to   space 23040K, 0% used [0x00000000f2800000,0x00000000f2800000,0x00000000f3e80000)
 ParOldGen       total 122880K, used 44390K [0x00000000c0000000, 0x00000000c7800000, 0x00000000eab00000)
  object space 122880K, 36% used [0x00000000c0000000,0x00000000c2b59b28,0x00000000c7800000)
 Metaspace       used 57327K, capacity 59418K, committed 59520K, reserved 1099776K
  class space    used 7852K, capacity 8290K, committed 8320K, reserved 1048576K
Event: 58.985 GC heap after
Heap after GC invocations=20 (full 3):
 PSYoungGen      total 151040K, used 6388K [0x00000000eab00000, 0x00000000f7f00000, 0x0000000100000000)
  eden space 128000K, 0% used [0x00000000eab00000,0x00000000eab00000,0x00000000f2800000)
  from space 23040K, 27% used [0x00000000f2800000,0x00000000f2e3d1f0,0x00000000f3e80000)
  to   space 22528K, 0% used [0x00000000f6900000,0x00000000f6900000,0x00000000f7f00000)
 ParOldGen       total 122880K, used 44398K [0x00000000c0000000, 0x00000000c7800000, 0x00000000eab00000)
  object space 122880K, 36% used [0x00000000c0000000,0x00000000c2b5bb28,0x00000000c7800000)
 Metaspace       used 57327K, capacity 59418K, committed 59520K, reserved 1099776K
  class space    used 7852K, capacity 8290K, committed 8320K, reserved 1048576K
}
Event: 1562.500 GC heap before
{Heap before GC invocations=21 (full 3):
 PSYoungGen      total 151040K, used 134388K [0x00000000eab00000, 0x00000000f7f00000, 0x0000000100000000)
  eden space 128000K, 100% used [0x00000000eab00000,0x00000000f2800000,0x00000000f2800000)
  from space 23040K, 27% used [0x00000000f2800000,0x00000000f2e3d1f0,0x00000000f3e80000)
  to   space 22528K, 0% used [0x00000000f6900000,0x00000000f6900000,0x00000000f7f00000)
 ParOldGen       total 122880K, used 44398K [0x00000000c0000000, 0x00000000c7800000, 0x00000000eab00000)
  object space 122880K, 36% used [0x00000000c0000000,0x00000000c2b5bb28,0x00000000c7800000)
 Metaspace       used 58383K, capacity 60604K, committed 60672K, reserved 1101824K
  class space    used 7985K, capacity 8441K, committed 8448K, reserved 1048576K
Event: 1562.509 GC heap after
Heap after GC invocations=21 (full 3):
 PSYoungGen      total 130560K, used 5479K [0x00000000eab00000, 0x00000000f6e80000, 0x0000000100000000)
  eden space 124928K, 0% used [0x00000000eab00000,0x00000000eab00000,0x00000000f2500000)
  from space 5632K, 97% used [0x00000000f6900000,0x00000000f6e59f78,0x00000000f6e80000)
  to   space 22528K, 0% used [0x00000000f4280000,0x00000000f4280000,0x00000000f5880000)
 ParOldGen       total 122880K, used 44406K [0x00000000c0000000, 0x00000000c7800000, 0x00000000eab00000)
  object space 122880K, 36% used [0x00000000c0000000,0x00000000c2b5db28,0x00000000c7800000)
 Metaspace       used 58383K, capacity 60604K, committed 60672K, reserved 1101824K
  class space    used 7985K, capacity 8441K, committed 8448K, reserved 1048576K
}

